<?xml version="1.0" encoding="UTF-8"?><testsuite errors="1" failures="0" name="Realizar la compra de productos en linio" skipped="0" tests="1" time="12.98" timestamp="2022-05-22 11:40:34"><testcase name="seleccionar articulo para una compra y luego borrar producto de carrito"><error message="element click intercepted: Element &lt;div class=&quot;icon icon-hamburger&quot;&gt;&lt;/div&gt; is not clickable at point (87, 28). Other element would receive the click: &lt;div class=&quot;dy-modal-wrapper&quot;&gt;...&lt;/div&gt;&#10;  (Session info: chrome=101.0.4951.67)&#10;Build info: version: '3.141.59', revision: 'e82be7d358', time: '2018-11-14T08:17:03'&#10;System info: host: 'DESKTOP-KQC5KQ2', ip: '192.168.0.17', os.name: 'Windows 10', os.arch: 'amd64', os.version: '10.0', java.version: '1.8.0_202'&#10;Driver info: org.openqa.selenium.chrome.ChromeDriver&#10;Capabilities {acceptInsecureCerts: false, browserName: chrome, browserVersion: 101.0.4951.67, chrome: {chromedriverVersion: 101.0.4951.41 (93c720db8323..., userDataDir: C:\Users\PC\AppData\Local\T...}, goog:chromeOptions: {debuggerAddress: localhost:53635}, javascriptEnabled: true, networkConnectionEnabled: false, pageLoadStrategy: normal, platform: WINDOWS, platformName: WINDOWS, proxy: Proxy(), setWindowRect: true, strictFileInteractability: false, timeouts: {implicit: 0, pageLoad: 300000, script: 30000}, unhandledPromptBehavior: dismiss and notify, webauthn:extension:credBlob: true, webauthn:extension:largeBlob: true, webauthn:virtualAuthenticators: true}&#10;Session ID: 56165899fa1618abc4938658339c4f1d" type="org.openqa.selenium.ElementClickInterceptedException">element click intercepted: Element &lt;div class="icon icon-hamburger"&gt;&lt;/div&gt; is not clickable at point (87, 28). Other element would receive the click: &lt;div class="dy-modal-wrapper"&gt;...&lt;/div&gt;
  (Session info: chrome=101.0.4951.67)
Build info: version: '3.141.59', revision: 'e82be7d358', time: '2018-11-14T08:17:03'
System info: host: 'DESKTOP-KQC5KQ2', ip: '192.168.0.17', os.name: 'Windows 10', os.arch: 'amd64', os.version: '10.0', java.version: '1.8.0_202'
Driver info: org.openqa.selenium.chrome.ChromeDriver
Capabilities {acceptInsecureCerts: false, browserName: chrome, browserVersion: 101.0.4951.67, chrome: {chromedriverVersion: 101.0.4951.41 (93c720db8323..., userDataDir: C:\Users\PC\AppData\Local\T...}, goog:chromeOptions: {debuggerAddress: localhost:53635}, javascriptEnabled: true, networkConnectionEnabled: false, pageLoadStrategy: normal, platform: WINDOWS, platformName: WINDOWS, proxy: Proxy(), setWindowRect: true, strictFileInteractability: false, timeouts: {implicit: 0, pageLoad: 300000, script: 30000}, unhandledPromptBehavior: dismiss and notify, webauthn:extension:credBlob: true, webauthn:extension:largeBlob: true, webauthn:virtualAuthenticators: true}
Session ID: 56165899fa1618abc4938658339c4f1d</error><system-err>element click intercepted: Element &lt;div class="icon icon-hamburger"&gt;&lt;/div&gt; is not clickable at point (87, 28). Other element would receive the click: &lt;div class="dy-modal-wrapper"&gt;...&lt;/div&gt;
  (Session info: chrome=101.0.4951.67)
Build info: version: '3.141.59', revision: 'e82be7d358', time: '2018-11-14T08:17:03'
System info: host: 'DESKTOP-KQC5KQ2', ip: '192.168.0.17', os.name: 'Windows 10', os.arch: 'amd64', os.version: '10.0', java.version: '1.8.0_202'
Driver info: org.openqa.selenium.chrome.ChromeDriver
Capabilities {acceptInsecureCerts: false, browserName: chrome, browserVersion: 101.0.4951.67, chrome: {chromedriverVersion: 101.0.4951.41 (93c720db8323..., userDataDir: C:\Users\PC\AppData\Local\T...}, goog:chromeOptions: {debuggerAddress: localhost:53635}, javascriptEnabled: true, networkConnectionEnabled: false, pageLoadStrategy: normal, platform: WINDOWS, platformName: WINDOWS, proxy: Proxy(), setWindowRect: true, strictFileInteractability: false, timeouts: {implicit: 0, pageLoad: 300000, script: 30000}, unhandledPromptBehavior: dismiss and notify, webauthn:extension:credBlob: true, webauthn:extension:largeBlob: true, webauthn:virtualAuthenticators: true}
Session ID: 56165899fa1618abc4938658339c4f1d&#13;
co.com.tcs.linio.tasks.seleccionar.performAs(seleccionar.java:28)&#13;
co.com.tcs.linio.stepdefinitions.CompraProductoStepDefinitions.elUsuarioIngresaAlMenuHogarColchonesBaseCamaYAlmohadasYElijeUnProducto(CompraProductoStepDefinitions.java:43)&#13;
cucumber.runner.Runner.runPickle(Runner.java:80)&#13;
worker.org.gradle.process.internal.worker.GradleWorkerMain.run(GradleWorkerMain.java:69)&#13;
worker.org.gradle.process.internal.worker.GradleWorkerMain.main(GradleWorkerMain.java:74)&#13;
</system-err></testcase></testsuite>